  Model.cpp
c:\program files\windows kits\8.1\include\shared\minwindef.h(130): warning C4005: 'APIENTRY': redefinición de macro
  c:\users\josé manuel\documents\visual studio 2015\projects\fcg.tarea2_25038805\include\glfw\glfw3.h(98): note: vea la definición anterior de 'APIENTRY'
c:\users\josé manuel\documents\visual studio 2015\projects\fcg.tarea2_25038805\fcg.tarea2_25038805\model.h(29): warning C4305: 'inicializando': truncamiento de 'double' a 'float'
c:\users\josé manuel\documents\visual studio 2015\projects\fcg.tarea2_25038805\fcg.tarea2_25038805\model.h(30): warning C4305: 'inicializando': truncamiento de 'double' a 'float'
c:\users\josé manuel\documents\visual studio 2015\projects\fcg.tarea2_25038805\fcg.tarea2_25038805\model.h(31): warning C4305: 'inicializando': truncamiento de 'double' a 'float'
c:\users\josé manuel\documents\visual studio 2015\projects\fcg.tarea2_25038805\fcg.tarea2_25038805\model.h(32): warning C4305: 'inicializando': truncamiento de 'double' a 'float'
c:\users\josé manuel\documents\visual studio 2015\projects\fcg.tarea2_25038805\fcg.tarea2_25038805\model.cpp(111): warning C4018: '<': no coinciden signed/unsigned
c:\users\josé manuel\documents\visual studio 2015\projects\fcg.tarea2_25038805\fcg.tarea2_25038805\model.cpp(129): warning C4018: '<': no coinciden signed/unsigned
c:\users\josé manuel\documents\visual studio 2015\projects\fcg.tarea2_25038805\fcg.tarea2_25038805\model.cpp(138): warning C4244: 'argumento': conversión de 'double' a 'const float'; posible pérdida de datos
c:\users\josé manuel\documents\visual studio 2015\projects\fcg.tarea2_25038805\fcg.tarea2_25038805\model.cpp(139): warning C4244: 'argumento': conversión de 'double' a 'const float'; posible pérdida de datos
c:\users\josé manuel\documents\visual studio 2015\projects\fcg.tarea2_25038805\fcg.tarea2_25038805\model.cpp(140): warning C4244: 'argumento': conversión de 'double' a 'const float'; posible pérdida de datos
c:\users\josé manuel\documents\visual studio 2015\projects\fcg.tarea2_25038805\fcg.tarea2_25038805\model.cpp(142): warning C4244: 'argumento': conversión de 'double' a 'const float'; posible pérdida de datos
c:\users\josé manuel\documents\visual studio 2015\projects\fcg.tarea2_25038805\fcg.tarea2_25038805\model.cpp(143): warning C4244: 'argumento': conversión de 'double' a 'const float'; posible pérdida de datos
c:\users\josé manuel\documents\visual studio 2015\projects\fcg.tarea2_25038805\fcg.tarea2_25038805\model.cpp(144): warning C4244: 'argumento': conversión de 'double' a 'const float'; posible pérdida de datos
c:\users\josé manuel\documents\visual studio 2015\projects\fcg.tarea2_25038805\fcg.tarea2_25038805\model.cpp(146): warning C4244: 'argumento': conversión de 'double' a 'const float'; posible pérdida de datos
c:\users\josé manuel\documents\visual studio 2015\projects\fcg.tarea2_25038805\fcg.tarea2_25038805\model.cpp(147): warning C4244: 'argumento': conversión de 'double' a 'const float'; posible pérdida de datos
c:\users\josé manuel\documents\visual studio 2015\projects\fcg.tarea2_25038805\fcg.tarea2_25038805\model.cpp(148): warning C4244: 'argumento': conversión de 'double' a 'const float'; posible pérdida de datos
c:\users\josé manuel\documents\visual studio 2015\projects\fcg.tarea2_25038805\fcg.tarea2_25038805\model.cpp(154): warning C4244: 'argumento': conversión de 'double' a 'const float'; posible pérdida de datos
c:\users\josé manuel\documents\visual studio 2015\projects\fcg.tarea2_25038805\fcg.tarea2_25038805\model.cpp(155): warning C4244: 'argumento': conversión de 'double' a 'const float'; posible pérdida de datos
c:\users\josé manuel\documents\visual studio 2015\projects\fcg.tarea2_25038805\fcg.tarea2_25038805\model.cpp(156): warning C4244: 'argumento': conversión de 'double' a 'const float'; posible pérdida de datos
c:\users\josé manuel\documents\visual studio 2015\projects\fcg.tarea2_25038805\fcg.tarea2_25038805\model.cpp(157): warning C4244: 'argumento': conversión de 'double' a 'const float'; posible pérdida de datos
c:\users\josé manuel\documents\visual studio 2015\projects\fcg.tarea2_25038805\fcg.tarea2_25038805\model.cpp(158): warning C4244: 'argumento': conversión de 'double' a 'const float'; posible pérdida de datos
c:\users\josé manuel\documents\visual studio 2015\projects\fcg.tarea2_25038805\fcg.tarea2_25038805\model.cpp(159): warning C4244: 'argumento': conversión de 'double' a 'const float'; posible pérdida de datos
c:\users\josé manuel\documents\visual studio 2015\projects\fcg.tarea2_25038805\fcg.tarea2_25038805\model.cpp(193): warning C4018: '<': no coinciden signed/unsigned
c:\users\josé manuel\documents\visual studio 2015\projects\fcg.tarea2_25038805\fcg.tarea2_25038805\model.cpp(205): warning C4244: 'argumento': conversión de 'double' a 'const float'; posible pérdida de datos
c:\users\josé manuel\documents\visual studio 2015\projects\fcg.tarea2_25038805\fcg.tarea2_25038805\model.cpp(211): warning C4244: 'argumento': conversión de 'double' a 'const float'; posible pérdida de datos
c:\users\josé manuel\documents\visual studio 2015\projects\fcg.tarea2_25038805\fcg.tarea2_25038805\model.cpp(217): warning C4244: 'argumento': conversión de 'double' a 'const float'; posible pérdida de datos
c:\users\josé manuel\documents\visual studio 2015\projects\fcg.tarea2_25038805\fcg.tarea2_25038805\model.cpp(233): warning C4305: '=': truncamiento de 'double' a 'float'
c:\users\josé manuel\documents\visual studio 2015\projects\fcg.tarea2_25038805\fcg.tarea2_25038805\model.cpp(237): warning C4305: '=': truncamiento de 'double' a 'float'
c:\users\josé manuel\documents\visual studio 2015\projects\fcg.tarea2_25038805\fcg.tarea2_25038805\model.cpp(238): warning C4305: '=': truncamiento de 'double' a 'float'
c:\users\josé manuel\documents\visual studio 2015\projects\fcg.tarea2_25038805\fcg.tarea2_25038805\model.cpp(239): warning C4305: '=': truncamiento de 'double' a 'float'
c:\users\josé manuel\documents\visual studio 2015\projects\fcg.tarea2_25038805\fcg.tarea2_25038805\model.cpp(244): warning C4305: '=': truncamiento de 'double' a 'float'
c:\users\josé manuel\documents\visual studio 2015\projects\fcg.tarea2_25038805\fcg.tarea2_25038805\model.cpp(248): warning C4305: '=': truncamiento de 'double' a 'float'
c:\users\josé manuel\documents\visual studio 2015\projects\fcg.tarea2_25038805\fcg.tarea2_25038805\model.cpp(250): warning C4305: '=': truncamiento de 'double' a 'float'
c:\users\josé manuel\documents\visual studio 2015\projects\fcg.tarea2_25038805\fcg.tarea2_25038805\model.cpp(256): warning C4305: '=': truncamiento de 'double' a 'float'
c:\users\josé manuel\documents\visual studio 2015\projects\fcg.tarea2_25038805\fcg.tarea2_25038805\model.cpp(257): warning C4305: '=': truncamiento de 'double' a 'float'
c:\users\josé manuel\documents\visual studio 2015\projects\fcg.tarea2_25038805\fcg.tarea2_25038805\model.cpp(258): warning C4305: '=': truncamiento de 'double' a 'float'
c:\users\josé manuel\documents\visual studio 2015\projects\fcg.tarea2_25038805\fcg.tarea2_25038805\model.cpp(263): warning C4305: '=': truncamiento de 'double' a 'float'
c:\users\josé manuel\documents\visual studio 2015\projects\fcg.tarea2_25038805\fcg.tarea2_25038805\model.cpp(264): warning C4305: '=': truncamiento de 'double' a 'float'
c:\users\josé manuel\documents\visual studio 2015\projects\fcg.tarea2_25038805\fcg.tarea2_25038805\model.cpp(265): warning C4305: '=': truncamiento de 'double' a 'float'
c:\users\josé manuel\documents\visual studio 2015\projects\fcg.tarea2_25038805\fcg.tarea2_25038805\model.cpp(271): warning C4305: '=': truncamiento de 'double' a 'float'
c:\users\josé manuel\documents\visual studio 2015\projects\fcg.tarea2_25038805\fcg.tarea2_25038805\model.cpp(272): warning C4305: '=': truncamiento de 'double' a 'float'
c:\users\josé manuel\documents\visual studio 2015\projects\fcg.tarea2_25038805\fcg.tarea2_25038805\model.cpp(273): warning C4305: '=': truncamiento de 'double' a 'float'
c:\users\josé manuel\documents\visual studio 2015\projects\fcg.tarea2_25038805\fcg.tarea2_25038805\model.cpp(282): warning C4305: '=': truncamiento de 'double' a 'float'
c:\users\josé manuel\documents\visual studio 2015\projects\fcg.tarea2_25038805\fcg.tarea2_25038805\model.cpp(283): warning C4305: '=': truncamiento de 'double' a 'float'
c:\users\josé manuel\documents\visual studio 2015\projects\fcg.tarea2_25038805\fcg.tarea2_25038805\model.cpp(284): warning C4305: '=': truncamiento de 'double' a 'float'
c:\users\josé manuel\documents\visual studio 2015\projects\fcg.tarea2_25038805\fcg.tarea2_25038805\model.cpp(294): warning C4305: '=': truncamiento de 'double' a 'float'
c:\users\josé manuel\documents\visual studio 2015\projects\fcg.tarea2_25038805\fcg.tarea2_25038805\model.cpp(295): warning C4305: '=': truncamiento de 'double' a 'float'
c:\users\josé manuel\documents\visual studio 2015\projects\fcg.tarea2_25038805\fcg.tarea2_25038805\model.cpp(296): warning C4305: '=': truncamiento de 'double' a 'float'
c:\users\josé manuel\documents\visual studio 2015\projects\fcg.tarea2_25038805\fcg.tarea2_25038805\model.cpp(305): warning C4305: '=': truncamiento de 'double' a 'float'
c:\users\josé manuel\documents\visual studio 2015\projects\fcg.tarea2_25038805\fcg.tarea2_25038805\model.cpp(306): warning C4305: '=': truncamiento de 'double' a 'float'
c:\users\josé manuel\documents\visual studio 2015\projects\fcg.tarea2_25038805\fcg.tarea2_25038805\model.cpp(311): warning C4305: '=': truncamiento de 'double' a 'float'
c:\users\josé manuel\documents\visual studio 2015\projects\fcg.tarea2_25038805\fcg.tarea2_25038805\model.cpp(312): warning C4305: '=': truncamiento de 'double' a 'float'
c:\users\josé manuel\documents\visual studio 2015\projects\fcg.tarea2_25038805\fcg.tarea2_25038805\model.cpp(313): warning C4305: '=': truncamiento de 'double' a 'float'
c:\users\josé manuel\documents\visual studio 2015\projects\fcg.tarea2_25038805\fcg.tarea2_25038805\model.cpp(321): warning C4305: '=': truncamiento de 'double' a 'float'
c:\users\josé manuel\documents\visual studio 2015\projects\fcg.tarea2_25038805\fcg.tarea2_25038805\model.cpp(322): warning C4305: '=': truncamiento de 'double' a 'float'
c:\users\josé manuel\documents\visual studio 2015\projects\fcg.tarea2_25038805\fcg.tarea2_25038805\model.cpp(323): warning C4305: '=': truncamiento de 'double' a 'float'
c:\users\josé manuel\documents\visual studio 2015\projects\fcg.tarea2_25038805\fcg.tarea2_25038805\model.cpp(325): warning C4305: '=': truncamiento de 'double' a 'float'
c:\users\josé manuel\documents\visual studio 2015\projects\fcg.tarea2_25038805\fcg.tarea2_25038805\model.cpp(327): warning C4305: '=': truncamiento de 'double' a 'float'
c:\users\josé manuel\documents\visual studio 2015\projects\fcg.tarea2_25038805\fcg.tarea2_25038805\model.cpp(331): warning C4305: '=': truncamiento de 'double' a 'float'
c:\users\josé manuel\documents\visual studio 2015\projects\fcg.tarea2_25038805\fcg.tarea2_25038805\model.cpp(332): warning C4305: '=': truncamiento de 'double' a 'float'
c:\users\josé manuel\documents\visual studio 2015\projects\fcg.tarea2_25038805\fcg.tarea2_25038805\model.cpp(333): warning C4305: '=': truncamiento de 'double' a 'float'
c:\users\josé manuel\documents\visual studio 2015\projects\fcg.tarea2_25038805\fcg.tarea2_25038805\model.cpp(335): warning C4305: '=': truncamiento de 'double' a 'float'
c:\users\josé manuel\documents\visual studio 2015\projects\fcg.tarea2_25038805\fcg.tarea2_25038805\model.cpp(337): warning C4305: '=': truncamiento de 'double' a 'float'
c:\users\josé manuel\documents\visual studio 2015\projects\fcg.tarea2_25038805\fcg.tarea2_25038805\model.cpp(349): warning C4305: '=': truncamiento de 'double' a 'float'
c:\users\josé manuel\documents\visual studio 2015\projects\fcg.tarea2_25038805\fcg.tarea2_25038805\model.cpp(350): warning C4305: '=': truncamiento de 'double' a 'float'
c:\users\josé manuel\documents\visual studio 2015\projects\fcg.tarea2_25038805\fcg.tarea2_25038805\model.cpp(351): warning C4305: '=': truncamiento de 'double' a 'float'
c:\users\josé manuel\documents\visual studio 2015\projects\fcg.tarea2_25038805\fcg.tarea2_25038805\model.cpp(353): warning C4305: '=': truncamiento de 'double' a 'float'
c:\users\josé manuel\documents\visual studio 2015\projects\fcg.tarea2_25038805\fcg.tarea2_25038805\model.cpp(355): warning C4305: '=': truncamiento de 'double' a 'float'
c:\users\josé manuel\documents\visual studio 2015\projects\fcg.tarea2_25038805\fcg.tarea2_25038805\model.cpp(361): warning C4305: '=': truncamiento de 'double' a 'float'
c:\users\josé manuel\documents\visual studio 2015\projects\fcg.tarea2_25038805\fcg.tarea2_25038805\model.cpp(362): warning C4305: '=': truncamiento de 'double' a 'float'
c:\users\josé manuel\documents\visual studio 2015\projects\fcg.tarea2_25038805\fcg.tarea2_25038805\model.cpp(363): warning C4305: '=': truncamiento de 'double' a 'float'
c:\users\josé manuel\documents\visual studio 2015\projects\fcg.tarea2_25038805\fcg.tarea2_25038805\model.cpp(365): warning C4305: '=': truncamiento de 'double' a 'float'
c:\users\josé manuel\documents\visual studio 2015\projects\fcg.tarea2_25038805\fcg.tarea2_25038805\model.cpp(367): warning C4305: '=': truncamiento de 'double' a 'float'
c:\users\josé manuel\documents\visual studio 2015\projects\fcg.tarea2_25038805\fcg.tarea2_25038805\model.cpp(373): warning C4305: '=': truncamiento de 'double' a 'float'
c:\users\josé manuel\documents\visual studio 2015\projects\fcg.tarea2_25038805\fcg.tarea2_25038805\model.cpp(374): warning C4305: '=': truncamiento de 'double' a 'float'
c:\users\josé manuel\documents\visual studio 2015\projects\fcg.tarea2_25038805\fcg.tarea2_25038805\model.cpp(380): warning C4305: '=': truncamiento de 'double' a 'float'
c:\users\josé manuel\documents\visual studio 2015\projects\fcg.tarea2_25038805\fcg.tarea2_25038805\model.cpp(381): warning C4305: '=': truncamiento de 'double' a 'float'
c:\users\josé manuel\documents\visual studio 2015\projects\fcg.tarea2_25038805\fcg.tarea2_25038805\model.cpp(382): warning C4305: '=': truncamiento de 'double' a 'float'
c:\users\josé manuel\documents\visual studio 2015\projects\fcg.tarea2_25038805\fcg.tarea2_25038805\model.cpp(384): warning C4305: '=': truncamiento de 'double' a 'float'
c:\users\josé manuel\documents\visual studio 2015\projects\fcg.tarea2_25038805\fcg.tarea2_25038805\model.cpp(386): warning C4305: '=': truncamiento de 'double' a 'float'
c:\users\josé manuel\documents\visual studio 2015\projects\fcg.tarea2_25038805\fcg.tarea2_25038805\model.cpp(391): warning C4305: '=': truncamiento de 'double' a 'float'
c:\users\josé manuel\documents\visual studio 2015\projects\fcg.tarea2_25038805\fcg.tarea2_25038805\model.cpp(392): warning C4305: '=': truncamiento de 'double' a 'float'
c:\users\josé manuel\documents\visual studio 2015\projects\fcg.tarea2_25038805\fcg.tarea2_25038805\model.cpp(393): warning C4305: '=': truncamiento de 'double' a 'float'
c:\users\josé manuel\documents\visual studio 2015\projects\fcg.tarea2_25038805\fcg.tarea2_25038805\model.cpp(395): warning C4305: '=': truncamiento de 'double' a 'float'
c:\users\josé manuel\documents\visual studio 2015\projects\fcg.tarea2_25038805\fcg.tarea2_25038805\model.cpp(397): warning C4305: '=': truncamiento de 'double' a 'float'
c:\users\josé manuel\documents\visual studio 2015\projects\fcg.tarea2_25038805\fcg.tarea2_25038805\model.cpp(403): warning C4305: '=': truncamiento de 'double' a 'float'
c:\users\josé manuel\documents\visual studio 2015\projects\fcg.tarea2_25038805\fcg.tarea2_25038805\model.cpp(404): warning C4305: '=': truncamiento de 'double' a 'float'
c:\users\josé manuel\documents\visual studio 2015\projects\fcg.tarea2_25038805\fcg.tarea2_25038805\model.cpp(405): warning C4305: '=': truncamiento de 'double' a 'float'
c:\users\josé manuel\documents\visual studio 2015\projects\fcg.tarea2_25038805\fcg.tarea2_25038805\model.cpp(407): warning C4305: '=': truncamiento de 'double' a 'float'
c:\users\josé manuel\documents\visual studio 2015\projects\fcg.tarea2_25038805\fcg.tarea2_25038805\model.cpp(409): warning C4305: '=': truncamiento de 'double' a 'float'
c:\users\josé manuel\documents\visual studio 2015\projects\fcg.tarea2_25038805\fcg.tarea2_25038805\model.cpp(195): warning C4101: 'v': variable local sin referencia
c:\users\josé manuel\documents\visual studio 2015\projects\fcg.tarea2_25038805\fcg.tarea2_25038805\model.cpp(195): warning C4101: 'u': variable local sin referencia
c:\users\josé manuel\documents\visual studio 2015\projects\fcg.tarea2_25038805\fcg.tarea2_25038805\model.cpp(521): warning C4244: '=': conversión de 'double' a 'float'; posible pérdida de datos
c:\users\josé manuel\documents\visual studio 2015\projects\fcg.tarea2_25038805\fcg.tarea2_25038805\model.cpp(522): warning C4244: '=': conversión de 'double' a 'float'; posible pérdida de datos
c:\users\josé manuel\documents\visual studio 2015\projects\fcg.tarea2_25038805\fcg.tarea2_25038805\model.cpp(523): warning C4244: '=': conversión de 'double' a 'float'; posible pérdida de datos
c:\users\josé manuel\documents\visual studio 2015\projects\fcg.tarea2_25038805\fcg.tarea2_25038805\model.cpp(525): warning C4244: '=': conversión de 'double' a 'float'; posible pérdida de datos
c:\users\josé manuel\documents\visual studio 2015\projects\fcg.tarea2_25038805\fcg.tarea2_25038805\model.cpp(526): warning C4244: '=': conversión de 'double' a 'float'; posible pérdida de datos
c:\users\josé manuel\documents\visual studio 2015\projects\fcg.tarea2_25038805\fcg.tarea2_25038805\model.cpp(527): warning C4244: '=': conversión de 'double' a 'float'; posible pérdida de datos
c:\users\josé manuel\documents\visual studio 2015\projects\fcg.tarea2_25038805\fcg.tarea2_25038805\model.cpp(529): warning C4244: '=': conversión de 'double' a 'float'; posible pérdida de datos
c:\users\josé manuel\documents\visual studio 2015\projects\fcg.tarea2_25038805\fcg.tarea2_25038805\model.cpp(530): warning C4244: '=': conversión de 'double' a 'float'; posible pérdida de datos
c:\users\josé manuel\documents\visual studio 2015\projects\fcg.tarea2_25038805\fcg.tarea2_25038805\model.cpp(531): warning C4244: '=': conversión de 'double' a 'float'; posible pérdida de datos
  Main.cpp
c:\program files\windows kits\8.1\include\shared\minwindef.h(130): warning C4005: 'APIENTRY': redefinición de macro
  c:\users\josé manuel\documents\visual studio 2015\projects\fcg.tarea2_25038805\include\glfw\glfw3.h(98): note: vea la definición anterior de 'APIENTRY'
c:\users\josé manuel\documents\visual studio 2015\projects\fcg.tarea2_25038805\fcg.tarea2_25038805\model.h(29): warning C4305: 'inicializando': truncamiento de 'double' a 'float'
c:\users\josé manuel\documents\visual studio 2015\projects\fcg.tarea2_25038805\fcg.tarea2_25038805\model.h(30): warning C4305: 'inicializando': truncamiento de 'double' a 'float'
c:\users\josé manuel\documents\visual studio 2015\projects\fcg.tarea2_25038805\fcg.tarea2_25038805\model.h(31): warning C4305: 'inicializando': truncamiento de 'double' a 'float'
c:\users\josé manuel\documents\visual studio 2015\projects\fcg.tarea2_25038805\fcg.tarea2_25038805\model.h(32): warning C4305: 'inicializando': truncamiento de 'double' a 'float'
c:\users\josé manuel\documents\visual studio 2015\projects\fcg.tarea2_25038805\fcg.tarea2_25038805\main.cpp(29): warning C4305: 'inicializando': truncamiento de 'double' a 'float'
c:\users\josé manuel\documents\visual studio 2015\projects\fcg.tarea2_25038805\fcg.tarea2_25038805\main.cpp(38): warning C4838: la conversión de 'double' en 'float' requiere una conversión de restricción
c:\users\josé manuel\documents\visual studio 2015\projects\fcg.tarea2_25038805\fcg.tarea2_25038805\main.cpp(38): warning C4305: 'inicializando': truncamiento de 'double' a 'float'
c:\users\josé manuel\documents\visual studio 2015\projects\fcg.tarea2_25038805\fcg.tarea2_25038805\main.cpp(180): warning C4018: '>=': no coinciden signed/unsigned
c:\users\josé manuel\documents\visual studio 2015\projects\fcg.tarea2_25038805\fcg.tarea2_25038805\main.cpp(187): warning C4018: '<': no coinciden signed/unsigned
c:\users\josé manuel\documents\visual studio 2015\projects\fcg.tarea2_25038805\fcg.tarea2_25038805\main.cpp(269): warning C4244: 'argumento': conversión de 'double' a 'float'; posible pérdida de datos
c:\users\josé manuel\documents\visual studio 2015\projects\fcg.tarea2_25038805\fcg.tarea2_25038805\main.cpp(354): warning C4244: 'inicializando': conversión de 'float' a 'int'; posible pérdida de datos
c:\users\josé manuel\documents\visual studio 2015\projects\fcg.tarea2_25038805\fcg.tarea2_25038805\main.cpp(357): warning C4305: '+=': truncamiento de 'double' a 'float'
c:\users\josé manuel\documents\visual studio 2015\projects\fcg.tarea2_25038805\fcg.tarea2_25038805\main.cpp(358): warning C4305: '-=': truncamiento de 'double' a 'float'
c:\users\josé manuel\documents\visual studio 2015\projects\fcg.tarea2_25038805\fcg.tarea2_25038805\main.cpp(361): warning C4305: '+=': truncamiento de 'double' a 'float'
c:\users\josé manuel\documents\visual studio 2015\projects\fcg.tarea2_25038805\fcg.tarea2_25038805\main.cpp(362): warning C4305: '-=': truncamiento de 'double' a 'float'
c:\users\josé manuel\documents\visual studio 2015\projects\fcg.tarea2_25038805\fcg.tarea2_25038805\main.cpp(365): warning C4305: '+=': truncamiento de 'double' a 'float'
c:\users\josé manuel\documents\visual studio 2015\projects\fcg.tarea2_25038805\fcg.tarea2_25038805\main.cpp(366): warning C4305: '-=': truncamiento de 'double' a 'float'
c:\users\josé manuel\documents\visual studio 2015\projects\fcg.tarea2_25038805\fcg.tarea2_25038805\main.cpp(372): warning C4244: 'inicializando': conversión de 'float' a 'int'; posible pérdida de datos
c:\users\josé manuel\documents\visual studio 2015\projects\fcg.tarea2_25038805\fcg.tarea2_25038805\main.cpp(467): warning C4244: 'argumento': conversión de 'double' a 'GLfloat'; posible pérdida de datos
c:\users\josé manuel\documents\visual studio 2015\projects\fcg.tarea2_25038805\fcg.tarea2_25038805\main.cpp(468): warning C4244: 'argumento': conversión de 'double' a 'GLfloat'; posible pérdida de datos
c:\users\josé manuel\documents\visual studio 2015\projects\fcg.tarea2_25038805\fcg.tarea2_25038805\main.cpp(469): warning C4244: 'argumento': conversión de 'double' a 'GLfloat'; posible pérdida de datos
c:\users\josé manuel\documents\visual studio 2015\projects\fcg.tarea2_25038805\fcg.tarea2_25038805\main.cpp(470): warning C4244: 'argumento': conversión de 'double' a 'GLfloat'; posible pérdida de datos
c:\users\josé manuel\documents\visual studio 2015\projects\fcg.tarea2_25038805\fcg.tarea2_25038805\main.cpp(471): warning C4244: 'argumento': conversión de 'double' a 'GLfloat'; posible pérdida de datos
c:\users\josé manuel\documents\visual studio 2015\projects\fcg.tarea2_25038805\fcg.tarea2_25038805\main.cpp(475): warning C4244: 'argumento': conversión de 'double' a 'GLfloat'; posible pérdida de datos
c:\users\josé manuel\documents\visual studio 2015\projects\fcg.tarea2_25038805\fcg.tarea2_25038805\main.cpp(476): warning C4244: 'argumento': conversión de 'double' a 'GLfloat'; posible pérdida de datos
c:\users\josé manuel\documents\visual studio 2015\projects\fcg.tarea2_25038805\fcg.tarea2_25038805\main.cpp(477): warning C4244: 'argumento': conversión de 'double' a 'GLfloat'; posible pérdida de datos
c:\users\josé manuel\documents\visual studio 2015\projects\fcg.tarea2_25038805\fcg.tarea2_25038805\main.cpp(478): warning C4244: 'argumento': conversión de 'double' a 'GLfloat'; posible pérdida de datos
c:\users\josé manuel\documents\visual studio 2015\projects\fcg.tarea2_25038805\fcg.tarea2_25038805\main.cpp(479): warning C4244: 'argumento': conversión de 'double' a 'GLfloat'; posible pérdida de datos
c:\users\josé manuel\documents\visual studio 2015\projects\fcg.tarea2_25038805\fcg.tarea2_25038805\main.cpp(483): warning C4244: 'argumento': conversión de 'double' a 'GLfloat'; posible pérdida de datos
c:\users\josé manuel\documents\visual studio 2015\projects\fcg.tarea2_25038805\fcg.tarea2_25038805\main.cpp(484): warning C4244: 'argumento': conversión de 'double' a 'GLfloat'; posible pérdida de datos
c:\users\josé manuel\documents\visual studio 2015\projects\fcg.tarea2_25038805\fcg.tarea2_25038805\main.cpp(485): warning C4244: 'argumento': conversión de 'double' a 'GLfloat'; posible pérdida de datos
c:\users\josé manuel\documents\visual studio 2015\projects\fcg.tarea2_25038805\fcg.tarea2_25038805\main.cpp(486): warning C4244: 'argumento': conversión de 'double' a 'GLfloat'; posible pérdida de datos
c:\users\josé manuel\documents\visual studio 2015\projects\fcg.tarea2_25038805\fcg.tarea2_25038805\main.cpp(487): warning C4244: 'argumento': conversión de 'double' a 'GLfloat'; posible pérdida de datos
c:\users\josé manuel\documents\visual studio 2015\projects\fcg.tarea2_25038805\fcg.tarea2_25038805\main.cpp(491): warning C4244: 'argumento': conversión de 'double' a 'GLfloat'; posible pérdida de datos
c:\users\josé manuel\documents\visual studio 2015\projects\fcg.tarea2_25038805\fcg.tarea2_25038805\main.cpp(492): warning C4244: 'argumento': conversión de 'double' a 'GLfloat'; posible pérdida de datos
c:\users\josé manuel\documents\visual studio 2015\projects\fcg.tarea2_25038805\fcg.tarea2_25038805\main.cpp(493): warning C4244: 'argumento': conversión de 'double' a 'GLfloat'; posible pérdida de datos
c:\users\josé manuel\documents\visual studio 2015\projects\fcg.tarea2_25038805\fcg.tarea2_25038805\main.cpp(494): warning C4244: 'argumento': conversión de 'double' a 'GLfloat'; posible pérdida de datos
c:\users\josé manuel\documents\visual studio 2015\projects\fcg.tarea2_25038805\fcg.tarea2_25038805\main.cpp(495): warning C4244: 'argumento': conversión de 'double' a 'GLfloat'; posible pérdida de datos
c:\users\josé manuel\documents\visual studio 2015\projects\fcg.tarea2_25038805\fcg.tarea2_25038805\main.cpp(499): warning C4244: 'argumento': conversión de 'double' a 'GLfloat'; posible pérdida de datos
c:\users\josé manuel\documents\visual studio 2015\projects\fcg.tarea2_25038805\fcg.tarea2_25038805\main.cpp(500): warning C4244: 'argumento': conversión de 'double' a 'GLfloat'; posible pérdida de datos
c:\users\josé manuel\documents\visual studio 2015\projects\fcg.tarea2_25038805\fcg.tarea2_25038805\main.cpp(501): warning C4244: 'argumento': conversión de 'double' a 'GLfloat'; posible pérdida de datos
c:\users\josé manuel\documents\visual studio 2015\projects\fcg.tarea2_25038805\fcg.tarea2_25038805\main.cpp(502): warning C4244: 'argumento': conversión de 'double' a 'GLfloat'; posible pérdida de datos
c:\users\josé manuel\documents\visual studio 2015\projects\fcg.tarea2_25038805\fcg.tarea2_25038805\main.cpp(503): warning C4244: 'argumento': conversión de 'double' a 'GLfloat'; posible pérdida de datos
c:\users\josé manuel\documents\visual studio 2015\projects\fcg.tarea2_25038805\fcg.tarea2_25038805\main.cpp(507): warning C4244: 'argumento': conversión de 'double' a 'GLfloat'; posible pérdida de datos
c:\users\josé manuel\documents\visual studio 2015\projects\fcg.tarea2_25038805\fcg.tarea2_25038805\main.cpp(508): warning C4244: 'argumento': conversión de 'double' a 'GLfloat'; posible pérdida de datos
c:\users\josé manuel\documents\visual studio 2015\projects\fcg.tarea2_25038805\fcg.tarea2_25038805\main.cpp(509): warning C4244: 'argumento': conversión de 'double' a 'GLfloat'; posible pérdida de datos
c:\users\josé manuel\documents\visual studio 2015\projects\fcg.tarea2_25038805\fcg.tarea2_25038805\main.cpp(510): warning C4244: 'argumento': conversión de 'double' a 'GLfloat'; posible pérdida de datos
c:\users\josé manuel\documents\visual studio 2015\projects\fcg.tarea2_25038805\fcg.tarea2_25038805\main.cpp(511): warning C4244: 'argumento': conversión de 'double' a 'GLfloat'; posible pérdida de datos
c:\users\josé manuel\documents\visual studio 2015\projects\fcg.tarea2_25038805\fcg.tarea2_25038805\main.cpp(522): warning C4244: 'inicializando': conversión de 'double' a 'GLfloat'; posible pérdida de datos
  Interface.cpp
c:\program files\windows kits\8.1\include\shared\minwindef.h(130): warning C4005: 'APIENTRY': redefinición de macro
  c:\users\josé manuel\documents\visual studio 2015\projects\fcg.tarea2_25038805\include\glfw\glfw3.h(98): note: vea la definición anterior de 'APIENTRY'
c:\users\josé manuel\documents\visual studio 2015\projects\fcg.tarea2_25038805\fcg.tarea2_25038805\model.h(29): warning C4305: 'inicializando': truncamiento de 'double' a 'float'
c:\users\josé manuel\documents\visual studio 2015\projects\fcg.tarea2_25038805\fcg.tarea2_25038805\model.h(30): warning C4305: 'inicializando': truncamiento de 'double' a 'float'
c:\users\josé manuel\documents\visual studio 2015\projects\fcg.tarea2_25038805\fcg.tarea2_25038805\model.h(31): warning C4305: 'inicializando': truncamiento de 'double' a 'float'
c:\users\josé manuel\documents\visual studio 2015\projects\fcg.tarea2_25038805\fcg.tarea2_25038805\model.h(32): warning C4305: 'inicializando': truncamiento de 'double' a 'float'
c:\users\josé manuel\documents\visual studio 2015\projects\fcg.tarea2_25038805\fcg.tarea2_25038805\interface.cpp(25): warning C4244: 'argumento': conversión de 'double' a 'GLint'; posible pérdida de datos
c:\users\josé manuel\documents\visual studio 2015\projects\fcg.tarea2_25038805\fcg.tarea2_25038805\interface.cpp(39): warning C4244: '=': conversión de 'double' a 'float'; posible pérdida de datos
c:\users\josé manuel\documents\visual studio 2015\projects\fcg.tarea2_25038805\fcg.tarea2_25038805\interface.cpp(41): warning C4800: 'int': forzando el valor a bool 'true' o 'false' (advertencia de rendimiento)
c:\users\josé manuel\documents\visual studio 2015\projects\fcg.tarea2_25038805\fcg.tarea2_25038805\interface.cpp(91): warning C4244: 'argumento': conversión de 'double' a 'int'; posible pérdida de datos
c:\users\josé manuel\documents\visual studio 2015\projects\fcg.tarea2_25038805\fcg.tarea2_25038805\interface.cpp(92): warning C4244: '=': conversión de 'double' a 'GLfloat'; posible pérdida de datos
c:\users\josé manuel\documents\visual studio 2015\projects\fcg.tarea2_25038805\fcg.tarea2_25038805\interface.cpp(93): warning C4244: '=': conversión de 'double' a 'GLfloat'; posible pérdida de datos
c:\users\josé manuel\documents\visual studio 2015\projects\fcg.tarea2_25038805\fcg.tarea2_25038805\interface.cpp(97): warning C4244: '=': conversión de 'double' a 'GLfloat'; posible pérdida de datos
c:\users\josé manuel\documents\visual studio 2015\projects\fcg.tarea2_25038805\fcg.tarea2_25038805\interface.cpp(98): warning C4244: '=': conversión de 'double' a 'GLfloat'; posible pérdida de datos
c:\users\josé manuel\documents\visual studio 2015\projects\fcg.tarea2_25038805\fcg.tarea2_25038805\interface.cpp(101): warning C4244: 'inicializando': conversión de 'double' a 'GLfloat'; posible pérdida de datos
c:\users\josé manuel\documents\visual studio 2015\projects\fcg.tarea2_25038805\fcg.tarea2_25038805\interface.cpp(102): warning C4244: 'inicializando': conversión de 'double' a 'GLfloat'; posible pérdida de datos
c:\users\josé manuel\documents\visual studio 2015\projects\fcg.tarea2_25038805\fcg.tarea2_25038805\interface.cpp(103): warning C4244: '=': conversión de 'double' a 'GLfloat'; posible pérdida de datos
c:\users\josé manuel\documents\visual studio 2015\projects\fcg.tarea2_25038805\fcg.tarea2_25038805\interface.cpp(104): warning C4244: '=': conversión de 'double' a 'GLfloat'; posible pérdida de datos
c:\users\josé manuel\documents\visual studio 2015\projects\fcg.tarea2_25038805\fcg.tarea2_25038805\interface.cpp(113): warning C4244: 'argumento': conversión de 'double' a 'int'; posible pérdida de datos
c:\users\josé manuel\documents\visual studio 2015\projects\fcg.tarea2_25038805\fcg.tarea2_25038805\interface.cpp(116): warning C4305: '+=': truncamiento de 'double' a 'float'
c:\users\josé manuel\documents\visual studio 2015\projects\fcg.tarea2_25038805\fcg.tarea2_25038805\interface.cpp(119): warning C4305: '-=': truncamiento de 'double' a 'float'
c:\users\josé manuel\documents\visual studio 2015\projects\fcg.tarea2_25038805\fcg.tarea2_25038805\interface.cpp(166): warning C4800: 'const int': forzando el valor a bool 'true' o 'false' (advertencia de rendimiento)
c:\users\josé manuel\documents\visual studio 2015\projects\fcg.tarea2_25038805\fcg.tarea2_25038805\interface.cpp(176): warning C4800: 'const int': forzando el valor a bool 'true' o 'false' (advertencia de rendimiento)
c:\users\josé manuel\documents\visual studio 2015\projects\fcg.tarea2_25038805\fcg.tarea2_25038805\interface.cpp(186): warning C4800: 'const int': forzando el valor a bool 'true' o 'false' (advertencia de rendimiento)
c:\users\josé manuel\documents\visual studio 2015\projects\fcg.tarea2_25038805\fcg.tarea2_25038805\interface.cpp(196): warning C4800: 'const int': forzando el valor a bool 'true' o 'false' (advertencia de rendimiento)
c:\users\josé manuel\documents\visual studio 2015\projects\fcg.tarea2_25038805\fcg.tarea2_25038805\interface.cpp(206): warning C4800: 'const int': forzando el valor a bool 'true' o 'false' (advertencia de rendimiento)
c:\users\josé manuel\documents\visual studio 2015\projects\fcg.tarea2_25038805\fcg.tarea2_25038805\interface.cpp(216): warning C4800: 'const int': forzando el valor a bool 'true' o 'false' (advertencia de rendimiento)
c:\users\josé manuel\documents\visual studio 2015\projects\fcg.tarea2_25038805\fcg.tarea2_25038805\interface.cpp(226): warning C4800: 'const int': forzando el valor a bool 'true' o 'false' (advertencia de rendimiento)
c:\users\josé manuel\documents\visual studio 2015\projects\fcg.tarea2_25038805\fcg.tarea2_25038805\interface.cpp(236): warning C4800: 'const int': forzando el valor a bool 'true' o 'false' (advertencia de rendimiento)
c:\users\josé manuel\documents\visual studio 2015\projects\fcg.tarea2_25038805\fcg.tarea2_25038805\interface.cpp(246): warning C4800: 'const int': forzando el valor a bool 'true' o 'false' (advertencia de rendimiento)
c:\users\josé manuel\documents\visual studio 2015\projects\fcg.tarea2_25038805\fcg.tarea2_25038805\interface.cpp(265): warning C4244: '=': conversión de 'double' a 'float'; posible pérdida de datos
c:\users\josé manuel\documents\visual studio 2015\projects\fcg.tarea2_25038805\fcg.tarea2_25038805\interface.cpp(267): warning C4800: 'int': forzando el valor a bool 'true' o 'false' (advertencia de rendimiento)
  GLSLProgram.cpp
  Generando código...
LINK : warning LNK4098: la biblioteca predeterminada'MSVCRT' entra en conflicto con otras bibliotecas; use la biblioteca /NODEFAULTLIB:biblioteca
  FCG.Tarea2_25038805.vcxproj -> c:\users\josé manuel\documents\visual studio 2015\Projects\FCG.Tarea2_25038805\Debug\FCG.Tarea2_25038805.exe
  FCG.Tarea2_25038805.vcxproj -> c:\users\josé manuel\documents\visual studio 2015\Projects\FCG.Tarea2_25038805\Debug\FCG.Tarea2_25038805.pdb (Partial PDB)
